<?xml version="1.0" encoding="UTF-8"?>
<!-- Generated by org.testng.reporters.JUnitReportReporter -->
<testsuite hostname="DESKTOP-9P221R1" failures="0" tests="1" name="demoJava" time="0.015" errors="0" timestamp="2020-10-24T15:20:08 IST" skipped="0">
  <testcase classname="demoJava" name="m" time="0.015"/>
  <system-out/>
</testsuite> <!-- demoJava -->
